<?xml version="1.0" encoding="UTF-8"?>
<!-- Generated by org.testng.reporters.JUnitReportReporter -->
<testsuite skipped="0" hostname="ITEM-S85919" name="new3.NewTest" tests="8" failures="0" timestamp="2020-10-26T07:36:28 CET" time="0.013" errors="0">
  <testcase name="f" time="0.007" classname="new3.NewTest"/>
  <system-out/>
  <testcase name="f1" time="0.001" classname="new3.NewTest"/>
  <system-out/>
  <testcase name="f" time="0.000" classname="new3.NewTest"/>
  <system-out/>
  <testcase name="f" time="0.001" classname="new3.NewTest"/>
  <system-out/>
  <testcase name="f1" time="0.001" classname="new3.NewTest"/>
  <system-out/>
  <testcase name="f" time="0.001" classname="new3.NewTest"/>
  <system-out/>
  <testcase name="f" time="0.001" classname="new3.NewTest"/>
  <system-out/>
  <testcase name="f2" time="0.001" classname="new3.NewTest"/>
  <system-out/>
</testsuite> <!-- new3.NewTest -->
