<?xml version="1.0" encoding="UTF-8"?>
<!-- Generated by org.testng.reporters.JUnitReportReporter -->
<testsuite skipped="0" hostname="ITEM-S85919" name="new3.Test6" tests="1" failures="0" timestamp="2020-10-26T15:05:40 CET" time="7.594" errors="0">
  <testcase name="verifyButton" time="7.594" classname="new3.Test6"/>
  <system-out>
Test Started Browser launched success Enter the URL Verification is started Verification Success Test cases is Pass Close the browser  </system-out>
</testsuite> <!-- new3.Test6 -->
