<?xml version="1.0" encoding="UTF-8"?>
<!-- Generated by org.testng.reporters.JUnitReportReporter -->
<testsuite skipped="0" hostname="ITEM-S85919" name="test.Test99GuruLoginWithPageFactory" tests="1" failures="0" timestamp="2020-10-27T12:26:45 CET" time="2.044" errors="0">
  <testcase name="test_Home_Page_Appear_Correct" time="2.044" classname="test.Test99GuruLoginWithPageFactory"/>
  <system-out/>
</testsuite> <!-- test.Test99GuruLoginWithPageFactory -->
