<?xml version="1.0" encoding="UTF-8"?>
<!-- Generated by org.testng.reporters.JUnitReportReporter -->
<testsuite skipped="0" hostname="ITEM-S85919" name="test.Test99GuruLogin" tests="1" failures="0" timestamp="2020-10-27T12:04:25 CET" time="1.332" errors="0">
  <testcase name="test_Home_Page_Appear_Correct" time="1.332" classname="test.Test99GuruLogin"/>
  <system-out/>
</testsuite> <!-- test.Test99GuruLogin -->
