<?xml version="1.0" encoding="UTF-8"?>
<!-- Generated by org.testng.reporters.JUnitReportReporter -->
<testsuite skipped="0" hostname="ITEM-S85919" name="new3.NewTest4" tests="1" failures="0" timestamp="2020-10-26T07:21:26 CET" time="0.000" errors="0">
  <testcase name="f1" time="0.000" classname="new3.NewTest4"/>
  <system-out/>
</testsuite> <!-- new3.NewTest4 -->
