<?xml version="1.0" encoding="UTF-8"?>
<!-- Generated by org.testng.reporters.JUnitReportReporter -->
<testsuite skipped="0" hostname="ITEM-S85919" name="new3.NewTest7" tests="5" failures="0" timestamp="2020-10-27T09:03:25 CET" time="0.045" errors="0">
  <testcase name="method05" time="0.009" classname="new3.NewTest7"/>
  <system-out/>
  <testcase name="method03" time="0.009" classname="new3.NewTest7"/>
  <system-out/>
  <testcase name="method04" time="0.009" classname="new3.NewTest7"/>
  <system-out/>
  <testcase name="method02" time="0.009" classname="new3.NewTest7"/>
  <system-out/>
  <testcase name="method01" time="0.009" classname="new3.NewTest7"/>
  <system-out/>
</testsuite> <!-- new3.NewTest7 -->
