<?xml version="1.0" encoding="UTF-8"?>
<!-- Generated by org.testng.reporters.JUnitReportReporter -->
<testsuite skipped="0" hostname="ITEM-S85919" name="new3.PriorityTest" tests="3" failures="0" timestamp="2020-10-26T07:51:13 CET" time="0.008" errors="0">
  <testcase name="f3" time="0.006" classname="new3.PriorityTest"/>
  <system-out/>
  <testcase name="f2" time="0.001" classname="new3.PriorityTest"/>
  <system-out/>
  <testcase name="f1" time="0.001" classname="new3.PriorityTest"/>
  <system-out/>
</testsuite> <!-- new3.PriorityTest -->
