<?xml version="1.0" encoding="UTF-8"?>
<!-- Generated by org.testng.reporters.JUnitReportReporter -->
<testsuite skipped="0" hostname="ITEM-S85919" name="NewTest" tests="2" failures="0" timestamp="2020-10-25T08:56:52 CET" time="0.006" errors="0">
  <testcase name="f" time="0.004" classname="NewTest"/>
  <system-out/>
  <testcase name="f" time="0.002" classname="NewTest"/>
  <system-out/>
</testsuite> <!-- NewTest -->
