<?xml version="1.0" encoding="UTF-8"?>
<!-- Generated by org.testng.reporters.JUnitReportReporter -->
<testsuite skipped="0" hostname="ITEM-S85919" name="FirstTest11" tests="2" failures="0" timestamp="2020-10-26T07:13:20 CET" time="0.007" errors="0">
  <testcase name="f" time="0.006" classname="FirstTest11"/>
  <system-out/>
  <testcase name="f2" time="0.001" classname="FirstTest11"/>
  <system-out/>
</testsuite> <!-- FirstTest11 -->
