<?xml version="1.0" encoding="UTF-8"?>
<!-- Generated by org.testng.reporters.JUnitReportReporter -->
<testsuite skipped="0" hostname="ITEM-S85919" name="dydko.tests.FbLoginTest" tests="1" failures="0" timestamp="2020-10-28T13:09:32 CET" time="12.483" errors="0">
  <testcase name="init" time="12.483" classname="dydko.tests.FbLoginTest"/>
  <system-out/>
</testsuite> <!-- dydko.tests.FbLoginTest -->
