<?xml version="1.0" encoding="UTF-8"?>
<!-- Generated by org.testng.reporters.JUnitReportReporter -->
<testsuite skipped="0" hostname="ITEM-S85919" name="FirstTest" tests="2" failures="0" timestamp="2020-10-25T13:19:53 CET" time="0.008" errors="0">
  <testcase name="f2" time="0.001" classname="FirstTest"/>
  <system-out/>
  <testcase name="f" time="0.007" classname="FirstTest"/>
  <system-out/>
</testsuite> <!-- FirstTest -->
