<?xml version="1.0" encoding="UTF-8"?>
<!-- Generated by org.testng.reporters.JUnitReportReporter -->
<testsuite skipped="0" hostname="ITEM-S85919" name="new3.Test5" tests="3" failures="0" timestamp="2020-10-26T14:34:23 CET" time="0.009" errors="0">
  <testcase name="method3" time="0.004" classname="new3.Test5"/>
  <system-out/>
  <testcase name="method4" time="0.003" classname="new3.Test5"/>
  <system-out/>
  <testcase name="method6" time="0.002" classname="new3.Test5"/>
  <system-out/>
</testsuite> <!-- new3.Test5 -->
